Using pre-set license
Built from '2020.2/release' branch; Version is '2020.2.2f1 (068178b99f32) revision 426360'; Using compiler version '192528614'; Build Type 'Release'
OS: 'Windows 10 Home; OS build 19042.867; Version 2009; 64bit' Language: 'en' Physical Memory: 8043 MB
BatchMode: 1, IsHumanControllingUs: 0, StartBugReporterOnCrash: 0, Is64bit: 1, IsPro: 0

 COMMAND LINE ARGUMENTS:
C:\Program Files\Unity\Hub\Editor\2020.2.2f1\Editor\Unity.exe
-adb2
-batchMode
-noUpm
-name
AssetImportWorker0
-projectPath
C:/Users/crist/Documents/GitHub/CameraGroupAssignment/CameraGroup
-logFile
Logs/AssetImportWorker0.log
-srvPort
52922
Successfully changed project path to: C:/Users/crist/Documents/GitHub/CameraGroupAssignment/CameraGroup
C:/Users/crist/Documents/GitHub/CameraGroupAssignment/CameraGroup
Using Asset Import Pipeline V2.
Refreshing native plugins compatible for Editor in 24.56 ms, found 0 plugins.
Preloading 0 native plugins for Editor in 0.00 ms.
Initialize engine version: 2020.2.2f1 (068178b99f32)
[Subsystems] Discovering subsystems at path C:/Program Files/Unity/Hub/Editor/2020.2.2f1/Editor/Data/Resources/UnitySubsystems
[Subsystems] Discovering subsystems at path C:/Users/crist/Documents/GitHub/CameraGroupAssignment/CameraGroup/Assets
GfxDevice: creating device client; threaded=0
Direct3D:
    Version:  Direct3D 11.0 [level 11.1]
    Renderer: NVIDIA GeForce GTX 1650 (ID=0x1f91)
    Vendor:   
    VRAM:     3962 MB
    Driver:   26.21.14.4193
Initialize mono
Mono path[0] = 'C:/Program Files/Unity/Hub/Editor/2020.2.2f1/Editor/Data/Managed'
Mono path[1] = 'C:/Program Files/Unity/Hub/Editor/2020.2.2f1/Editor/Data/MonoBleedingEdge/lib/mono/unityjit'
Mono config path = 'C:/Program Files/Unity/Hub/Editor/2020.2.2f1/Editor/Data/MonoBleedingEdge/etc'
Using monoOptions --debugger-agent=transport=dt_socket,embedding=1,server=y,suspend=n,address=127.0.0.1:56120
Begin MonoManager ReloadAssembly
Registering precompiled unity dll's ...
Register platform support module: C:/Program Files/Unity/Hub/Editor/2020.2.2f1/Editor/Data/PlaybackEngines/WindowsStandaloneSupport/UnityEditor.WindowsStandalone.Extensions.dll
Registered in 0.001662 seconds.
Native extension for WindowsStandalone target not found
Refreshing native plugins compatible for Editor in 22.82 ms, found 0 plugins.
Preloading 0 native plugins for Editor in 0.00 ms.
Invoked RoslynAnalysisRunner static constructor.
RoslynAnalysisRunner will not be running.
RoslynAnalysisRunner has terminated.
Mono: successfully reloaded assembly
- Completed reload, in  0.999 seconds
Platform modules already initialized, skipping
Registering precompiled user dll's ...
Registered in 0.000536 seconds.
Begin MonoManager ReloadAssembly
Native extension for WindowsStandalone target not found
Refreshing native plugins compatible for Editor in 0.19 ms, found 0 plugins.
Preloading 0 native plugins for Editor in 0.00 ms.
Invoked RoslynAnalysisRunner static constructor.
RoslynAnalysisRunner will not be running.
RoslynAnalysisRunner has terminated.
Mono: successfully reloaded assembly
- Completed reload, in  0.818 seconds
Platform modules already initialized, skipping
========================================================================
Worker process is ready to serve import requests
Launched and connected shader compiler UnityShaderCompiler.exe after 0.04 seconds
Refreshing native plugins compatible for Editor in 0.20 ms, found 0 plugins.
Preloading 0 native plugins for Editor in 0.00 ms.
Unloading 1100 Unused Serialized files (Serialized files now loaded: 0)
System memory in use before: 56.7 MB.
System memory in use after: 56.8 MB.

Unloading 10 unused Assets to reduce memory usage. Loaded Objects now: 1542.
Total: 1.762300 ms (FindLiveObjects: 0.283200 ms CreateObjectMapping: 0.097700 ms MarkObjects: 1.314200 ms  DeleteObjects: 0.066200 ms)

========================================================================
Received Import Request.
  path: Assets/Script/CameraManger.cs
  artifactKey: Guid(e812475e9a62b4c47b39f110f2ca4093) Importer(815301076,1909f56bfc062723c751e8b465ee728b)
Start importing Assets/Script/CameraManger.cs using Guid(e812475e9a62b4c47b39f110f2ca4093) Importer(815301076,1909f56bfc062723c751e8b465ee728b)  -> (artifact id: '0471823b21021d359e94a69d7078f1cc') in 0.042143 seconds
  Import took 0.044444 seconds .

========================================================================
Received Import Request.
  Time since last request: 20.618484 seconds.
  path: Assets/Script/CameraManger.cs
  artifactKey: Guid(e812475e9a62b4c47b39f110f2ca4093) Importer(815301076,1909f56bfc062723c751e8b465ee728b)
Start importing Assets/Script/CameraManger.cs using Guid(e812475e9a62b4c47b39f110f2ca4093) Importer(815301076,1909f56bfc062723c751e8b465ee728b)  -> (artifact id: '0471823b21021d359e94a69d7078f1cc') in 0.011071 seconds
  Import took 0.014530 seconds .

========================================================================
Received Prepare
Registering precompiled user dll's ...
Registered in 0.000820 seconds.
Begin MonoManager ReloadAssembly
Native extension for WindowsStandalone target not found
Refreshing native plugins compatible for Editor in 0.23 ms, found 0 plugins.
Preloading 0 native plugins for Editor in 0.00 ms.
Invoked RoslynAnalysisRunner static constructor.
RoslynAnalysisRunner will not be running.
RoslynAnalysisRunner has terminated.
Mono: successfully reloaded assembly
- Completed reload, in  0.798 seconds
Platform modules already initialized, skipping
Refreshing native plugins compatible for Editor in 0.18 ms, found 0 plugins.
Preloading 0 native plugins for Editor in 0.00 ms.
Unloading 1095 Unused Serialized files (Serialized files now loaded: 0)
System memory in use before: 56.8 MB.
System memory in use after: 56.9 MB.

Unloading 5 unused Assets to reduce memory usage. Loaded Objects now: 1544.
Total: 1.689700 ms (FindLiveObjects: 0.284600 ms CreateObjectMapping: 0.064500 ms MarkObjects: 1.295100 ms  DeleteObjects: 0.044500 ms)

========================================================================
Received Prepare
Registering precompiled user dll's ...
Registered in 0.000547 seconds.
Begin MonoManager ReloadAssembly
Native extension for WindowsStandalone target not found
Refreshing native plugins compatible for Editor in 0.22 ms, found 0 plugins.
Preloading 0 native plugins for Editor in 0.00 ms.
Invoked RoslynAnalysisRunner static constructor.
RoslynAnalysisRunner will not be running.
RoslynAnalysisRunner has terminated.
Mono: successfully reloaded assembly
- Completed reload, in  0.854 seconds
Platform modules already initialized, skipping
Refreshing native plugins compatible for Editor in 0.19 ms, found 0 plugins.
Preloading 0 native plugins for Editor in 0.00 ms.
Unloading 1095 Unused Serialized files (Serialized files now loaded: 0)
System memory in use before: 57.0 MB.
System memory in use after: 57.0 MB.

Unloading 5 unused Assets to reduce memory usage. Loaded Objects now: 1546.
Total: 1.566500 ms (FindLiveObjects: 0.125100 ms CreateObjectMapping: 0.031300 ms MarkObjects: 1.366800 ms  DeleteObjects: 0.042400 ms)

========================================================================
Received Import Request.
  Time since last request: 921.606144 seconds.
  path: Assets/Script/CameraManger.cs
  artifactKey: Guid(e812475e9a62b4c47b39f110f2ca4093) Importer(815301076,1909f56bfc062723c751e8b465ee728b)
Start importing Assets/Script/CameraManger.cs using Guid(e812475e9a62b4c47b39f110f2ca4093) Importer(815301076,1909f56bfc062723c751e8b465ee728b)  -> (artifact id: '93466b4a860023afaface91bdf648dca') in 0.004053 seconds
  Import took 0.007962 seconds .

AssetImportWorkerClient::OnTransportError - code=2 error=End of file
